2022-10-15 09:04:22,887 [Worker-0] INFO  c.g.t.t.d.PublishedGradleVersions - Gradle version information cache is out-of-date. Trying to update.
2022-10-15 09:05:05,113 [Worker-7] INFO  o.e.m.c.i.l.LifecycleMappingFactory - Using org.eclipse.m2e.jdt.JarLifecycleMapping lifecycle mapping for MavenProject: ph.com.AllianceExam:demo:0.0.1-SNAPSHOT @ C:\Users\Administrator\Desktop\jelec2b22 acads\workspaces\oct-15\demo\pom.xml.
2022-10-15 09:05:24,200 [Worker-7] WARN  o.e.m.j.i.AbstractJavaProjectConfigurator - Could not determine source level, using default 1.5
2022-10-15 09:05:24,201 [Worker-7] WARN  o.e.m.j.i.AbstractJavaProjectConfigurator - Could not determine target level, using default 1.5
2022-10-15 09:05:25,302 [Worker-7] INFO  o.e.m.j.i.AbstractJavaProjectConfigurator - Adding source folder /demo/src/main/java
2022-10-15 09:05:25,303 [Worker-7] INFO  o.e.m.j.i.AbstractJavaProjectConfigurator - Adding resource folder /demo/src/main/resources
2022-10-15 09:05:25,310 [Worker-7] INFO  o.e.m.j.i.AbstractJavaProjectConfigurator - Adding resource folder /demo/src/main/resources
2022-10-15 09:05:25,318 [Worker-7] INFO  o.e.m.j.i.AbstractJavaProjectConfigurator - Adding source folder /demo/src/test/java
2022-10-15 09:05:34,409 [Worker-7] INFO  o.e.m.c.i.p.ProjectConfigurationManager - Imported and configured 1 project(s) in 44 sec
2022-10-15 09:05:36,447 [Worker-0] INFO  o.e.m.c.i.embedder.EclipseLogger - Using 'UTF-8' encoding to copy filtered resources.
2022-10-15 09:05:36,447 [Worker-0] INFO  o.e.m.c.i.embedder.EclipseLogger - Using 'UTF-8' encoding to copy filtered properties files.
2022-10-15 09:05:36,451 [Worker-0] INFO  o.e.m.c.i.embedder.EclipseLogger - Copying 1 resource
2022-10-15 09:05:36,621 [Worker-0] INFO  o.e.m.c.i.embedder.EclipseLogger - Copying 0 resource
2022-10-15 09:05:36,624 [Worker-0] INFO  o.e.m.c.i.embedder.EclipseLogger - Using 'UTF-8' encoding to copy filtered resources.
2022-10-15 09:05:36,624 [Worker-0] INFO  o.e.m.c.i.embedder.EclipseLogger - Using 'UTF-8' encoding to copy filtered properties files.
2022-10-15 09:05:36,624 [Worker-0] INFO  o.e.m.c.i.embedder.EclipseLogger - skip non existing resourceDirectory C:\Users\Administrator\Desktop\jelec2b22 acads\workspaces\oct-15\demo\src\test\resources
2022-10-15 09:12:07,373 [Worker-9] INFO  o.e.m.c.i.embedder.EclipseLogger - Using 'UTF-8' encoding to copy filtered resources.
2022-10-15 09:12:07,373 [Worker-9] INFO  o.e.m.c.i.embedder.EclipseLogger - Using 'UTF-8' encoding to copy filtered properties files.
2022-10-15 09:12:07,396 [Worker-9] INFO  o.e.m.c.i.embedder.EclipseLogger - Copying 1 resource
2022-10-15 09:12:07,413 [Worker-9] INFO  o.e.m.c.i.embedder.EclipseLogger - Copying 0 resource
2022-10-15 09:12:07,415 [Worker-9] INFO  o.e.m.c.i.embedder.EclipseLogger - Using 'UTF-8' encoding to copy filtered resources.
2022-10-15 09:12:07,415 [Worker-9] INFO  o.e.m.c.i.embedder.EclipseLogger - Using 'UTF-8' encoding to copy filtered properties files.
2022-10-15 09:12:07,415 [Worker-9] INFO  o.e.m.c.i.embedder.EclipseLogger - skip non existing resourceDirectory C:\Users\Administrator\Desktop\jelec2b22 acads\workspaces\oct-15\demo\src\test\resources
